TN:
SF:src/data/DatabaseContext.ts
FN:11,(anonymous_1)
FN:19,(anonymous_2)
FN:28,(anonymous_3)
FN:38,(anonymous_4)
FN:39,(anonymous_5)
FN:44,(anonymous_6)
FN:66,(anonymous_7)
FN:67,(anonymous_8)
FN:72,(anonymous_9)
FN:95,(anonymous_10)
FN:101,(anonymous_11)
FN:117,(anonymous_12)
FN:118,(anonymous_13)
FN:123,(anonymous_14)
FN:142,(anonymous_15)
FN:159,(anonymous_16)
FN:160,(anonymous_17)
FN:164,(anonymous_18)
FN:179,(anonymous_19)
FNF:19
FNH:19
FNDA:31,(anonymous_1)
FNDA:31,(anonymous_2)
FNDA:31,(anonymous_3)
FNDA:47,(anonymous_4)
FNDA:47,(anonymous_5)
FNDA:47,(anonymous_6)
FNDA:31,(anonymous_7)
FNDA:31,(anonymous_8)
FNDA:10,(anonymous_9)
FNDA:21,(anonymous_10)
FNDA:31,(anonymous_11)
FNDA:8,(anonymous_12)
FNDA:8,(anonymous_13)
FNDA:8,(anonymous_14)
FNDA:6,(anonymous_15)
FNDA:6,(anonymous_16)
FNDA:6,(anonymous_17)
FNDA:6,(anonymous_18)
FNDA:31,(anonymous_19)
DA:1,2
DA:8,2
DA:12,31
DA:13,31
DA:20,31
DA:28,31
DA:29,31
DA:30,0
DA:39,47
DA:40,47
DA:44,47
DA:45,47
DA:46,0
DA:47,0
DA:50,47
DA:56,47
DA:59,47
DA:67,31
DA:68,31
DA:69,10
DA:73,10
DA:74,0
DA:75,0
DA:78,10
DA:79,3
DA:80,3
DA:83,7
DA:89,7
DA:93,21
DA:96,21
DA:97,0
DA:98,0
DA:101,31
DA:107,21
DA:118,8
DA:120,8
DA:124,8
DA:125,0
DA:126,0
DA:129,8
DA:130,2
DA:131,2
DA:135,6
DA:136,6
DA:139,6
DA:143,6
DA:144,0
DA:145,0
DA:148,6
DA:160,6
DA:161,6
DA:165,6
DA:166,0
DA:167,0
DA:170,6
DA:180,31
LF:56
LH:43
BRDA:11,0,0,0
BRDA:29,1,0,0
BRDA:29,1,1,31
BRDA:45,2,0,0
BRDA:45,2,1,47
BRDA:68,3,0,10
BRDA:68,3,1,21
BRDA:73,4,0,0
BRDA:73,4,1,10
BRDA:78,5,0,3
BRDA:78,5,1,7
BRDA:96,6,0,0
BRDA:96,6,1,21
BRDA:124,7,0,0
BRDA:124,7,1,8
BRDA:129,8,0,2
BRDA:129,8,1,6
BRDA:135,9,0,5
BRDA:135,9,1,1
BRDA:136,10,0,3
BRDA:136,10,1,3
BRDA:143,11,0,0
BRDA:143,11,1,6
BRDA:165,12,0,0
BRDA:165,12,1,6
BRF:25
BRH:17
end_of_record
TN:
SF:src/tools/TodosMcpTool.ts
FN:8,(anonymous_0)
FN:13,(anonymous_1)
FN:29,(anonymous_2)
FN:49,(anonymous_3)
FN:79,(anonymous_4)
FNF:5
FNH:5
FNDA:17,(anonymous_0)
FNDA:27,(anonymous_1)
FNDA:23,(anonymous_2)
FNDA:6,(anonymous_3)
FNDA:4,(anonymous_4)
DA:7,1
DA:8,17
DA:14,27
DA:15,27
DA:20,27
DA:22,0
DA:30,23
DA:31,23
DA:32,6
DA:33,6
DA:34,1
DA:36,5
DA:39,17
DA:41,0
DA:42,0
DA:50,6
DA:51,6
DA:52,6
DA:53,1
DA:56,5
DA:57,5
DA:58,4
DA:60,5
DA:61,2
DA:64,5
DA:66,5
DA:67,1
DA:70,4
DA:72,0
DA:80,4
DA:81,4
DA:82,4
DA:83,1
DA:86,3
DA:88,3
DA:89,1
DA:92,2
DA:94,0
LF:38
LH:33
BRDA:31,0,0,6
BRDA:31,0,1,17
BRDA:31,1,0,23
BRDA:31,1,1,6
BRDA:33,2,0,1
BRDA:33,2,1,5
BRDA:52,3,0,1
BRDA:52,3,1,5
BRDA:57,4,0,4
BRDA:57,4,1,1
BRDA:57,5,0,5
BRDA:57,5,1,5
BRDA:60,6,0,2
BRDA:60,6,1,3
BRDA:66,7,0,1
BRDA:66,7,1,4
BRDA:82,8,0,1
BRDA:82,8,1,3
BRDA:88,9,0,1
BRDA:88,9,1,2
BRF:20
BRH:20
end_of_record
